Warning: no DISPLAY environment variable.
--No graphics will be displayed.
Running 100 simulations in 100 batches.:   0%|          | 0/100 [00:00<?, ?it/s]Warning: no DISPLAY environment variable.
--No graphics will be displayed.
Warning: no DISPLAY environment variable.
--No graphics will be displayed.
Warning: no DISPLAY environment variable.
--No graphics will be displayed.
Warning: no DISPLAY environment variable.
--No graphics will be displayed.
Warning: no DISPLAY environment variable.
--No graphics will be displayed.
Warning: no DISPLAY environment variable.
--No graphics will be displayed.
Warning: no DISPLAY environment variable.
--No graphics will be displayed.
Warning: no DISPLAY environment variable.
--No graphics will be displayed.
Warning: no DISPLAY environment variable.
--No graphics will be displayed.
Warning: no DISPLAY environment variable.
--No graphics will be displayed.
Warning: no DISPLAY environment variable.
--No graphics will be displayed.
Warning: no DISPLAY environment variable.
--No graphics will be displayed.
Warning: no DISPLAY environment variable.
--No graphics will be displayed.
Warning: no DISPLAY environment variable.
--No graphics will be displayed.
Warning: no DISPLAY environment variable.
--No graphics will be displayed.
Warning: no DISPLAY environment variable.
--No graphics will be displayed.
Warning: no DISPLAY environment variable.
--No graphics will be displayed.
Warning: no DISPLAY environment variable.
--No graphics will be displayed.
Warning: no DISPLAY environment variable.
--No graphics will be displayed.
Warning: no DISPLAY environment variable.
--No graphics will be displayed.
Warning: no DISPLAY environment variable.
--No graphics will be displayed.
Warning: no DISPLAY environment variable.
--No graphics will be displayed.
Warning: no DISPLAY environment variable.
--No graphics will be displayed.
Warning: no DISPLAY environment variable.
--No graphics will be displayed.
Warning: no DISPLAY environment variable.
--No graphics will be displayed.
Warning: no DISPLAY environment variable.
--No graphics will be displayed.
Warning: no DISPLAY environment variable.
--No graphics will be displayed.
Warning: no DISPLAY environment variable.
--No graphics will be displayed.
Warning: no DISPLAY environment variable.
--No graphics will be displayed.
Warning: no DISPLAY environment variable.
--No graphics will be displayed.
Warning: no DISPLAY environment variable.
--No graphics will be displayed.
Warning: no DISPLAY environment variable.
--No graphics will be displayed.
Warning: no DISPLAY environment variable.
--No graphics will be displayed.
Warning: no DISPLAY environment variable.
--No graphics will be displayed.
Warning: no DISPLAY environment variable.
--No graphics will be displayed.
Warning: no DISPLAY environment variable.
--No graphics will be displayed.
Warning: no DISPLAY environment variable.
--No graphics will be displayed.
Warning: no DISPLAY environment variable.
--No graphics will be displayed.
Warning: no DISPLAY environment variable.
--No graphics will be displayed.
Warning: no DISPLAY environment variable.
--No graphics will be displayed.
Warning: no DISPLAY environment variable.
--No graphics will be displayed.
Warning: no DISPLAY environment variable.
--No graphics will be displayed.
Warning: no DISPLAY environment variable.
--No graphics will be displayed.
Warning: no DISPLAY environment variable.
--No graphics will be displayed.
Warning: no DISPLAY environment variable.
--No graphics will be displayed.
Warning: no DISPLAY environment variable.
--No graphics will be displayed.
Warning: no DISPLAY environment variable.
--No graphics will be displayed.
Warning: no DISPLAY environment variable.
--No graphics will be displayed.
Warning: no DISPLAY environment variable.
--No graphics will be displayed.
Warning: no DISPLAY environment variable.
--No graphics will be displayed.
Warning: no DISPLAY environment variable.
--No graphics will be displayed.
Warning: no DISPLAY environment variable.
--No graphics will be displayed.
Warning: no DISPLAY environment variable.
--No graphics will be displayed.
Warning: no DISPLAY environment variable.
--No graphics will be displayed.
Warning: no DISPLAY environment variable.
--No graphics will be displayed.
Warning: no DISPLAY environment variable.
--No graphics will be displayed.
Warning: no DISPLAY environment variable.
--No graphics will be displayed.
Warning: no DISPLAY environment variable.
--No graphics will be displayed.
Warning: no DISPLAY environment variable.
--No graphics will be displayed.
Warning: no DISPLAY environment variable.
--No graphics will be displayed.
Warning: no DISPLAY environment variable.
--No graphics will be displayed.
Warning: no DISPLAY environment variable.
--No graphics will be displayed.
Warning: no DISPLAY environment variable.
--No graphics will be displayed.
Warning: no DISPLAY environment variable.
--No graphics will be displayed.
Running 100 simulations in 100 batches.:   1%|          | 1/100 [05:21<8:51:05, 321.87s/it]Running 100 simulations in 100 batches.:   2%|▏         | 2/100 [05:45<3:59:33, 146.67s/it]Running 100 simulations in 100 batches.:   3%|▎         | 3/100 [05:46<2:08:58, 79.78s/it] Running 100 simulations in 100 batches.:   4%|▍         | 4/100 [05:46<1:17:29, 48.43s/it]Running 100 simulations in 100 batches.:   5%|▌         | 5/100 [05:49<50:40, 32.00s/it]  Running 100 simulations in 100 batches.:   7%|▋         | 7/100 [05:49<24:32, 15.84s/it]Running 100 simulations in 100 batches.:   8%|▊         | 8/100 [05:50<18:19, 11.95s/it]Running 100 simulations in 100 batches.:   9%|▉         | 9/100 [05:51<13:28,  8.89s/it]Running 100 simulations in 100 batches.:  10%|█         | 10/100 [05:52<09:48,  6.54s/it]Running 100 simulations in 100 batches.:  11%|█         | 11/100 [05:53<07:26,  5.02s/it]Running 100 simulations in 100 batches.:  12%|█▏        | 12/100 [05:54<05:33,  3.80s/it]Running 100 simulations in 100 batches.:  14%|█▍        | 14/100 [05:54<03:00,  2.10s/it]Running 100 simulations in 100 batches.:  16%|█▌        | 16/100 [05:54<01:51,  1.32s/it]Running 100 simulations in 100 batches.:  17%|█▋        | 17/100 [05:55<01:33,  1.13s/it]Running 100 simulations in 100 batches.:  19%|█▉        | 19/100 [05:55<01:02,  1.30it/s]Running 100 simulations in 100 batches.:  21%|██        | 21/100 [05:55<00:45,  1.75it/s]Running 100 simulations in 100 batches.:  22%|██▏       | 22/100 [05:56<00:38,  2.03it/s]Running 100 simulations in 100 batches.:  23%|██▎       | 23/100 [05:56<00:35,  2.18it/s]Running 100 simulations in 100 batches.:  25%|██▌       | 25/100 [05:56<00:25,  2.92it/s]Running 100 simulations in 100 batches.:  26%|██▌       | 26/100 [05:56<00:22,  3.33it/s]Running 100 simulations in 100 batches.:  27%|██▋       | 27/100 [05:57<00:21,  3.36it/s]Running 100 simulations in 100 batches.:  29%|██▉       | 29/100 [05:57<00:14,  4.81it/s]Running 100 simulations in 100 batches.:  31%|███       | 31/100 [05:57<00:10,  6.35it/s]Running 100 simulations in 100 batches.:  34%|███▍      | 34/100 [05:57<00:09,  7.29it/s]Running 100 simulations in 100 batches.:  35%|███▌      | 35/100 [05:58<00:10,  5.92it/s]Running 100 simulations in 100 batches.:  36%|███▌      | 36/100 [05:58<00:11,  5.54it/s]Running 100 simulations in 100 batches.:  38%|███▊      | 38/100 [05:59<00:14,  4.30it/s]Running 100 simulations in 100 batches.:  39%|███▉      | 39/100 [05:59<00:16,  3.68it/s]Running 100 simulations in 100 batches.:  42%|████▏     | 42/100 [05:59<00:11,  5.08it/s]Running 100 simulations in 100 batches.:  44%|████▍     | 44/100 [06:00<00:09,  5.93it/s]Running 100 simulations in 100 batches.:  45%|████▌     | 45/100 [06:00<00:10,  5.48it/s]Running 100 simulations in 100 batches.:  46%|████▌     | 46/100 [06:00<00:09,  5.75it/s]Running 100 simulations in 100 batches.:  47%|████▋     | 47/100 [06:00<00:12,  4.20it/s]Running 100 simulations in 100 batches.:  49%|████▉     | 49/100 [06:01<00:09,  5.53it/s]Running 100 simulations in 100 batches.:  51%|█████     | 51/100 [06:01<00:08,  5.97it/s]Running 100 simulations in 100 batches.:  52%|█████▏    | 52/100 [06:01<00:09,  4.96it/s]Running 100 simulations in 100 batches.:  54%|█████▍    | 54/100 [06:02<00:10,  4.52it/s]Running 100 simulations in 100 batches.:  55%|█████▌    | 55/100 [06:02<00:09,  4.91it/s]Running 100 simulations in 100 batches.:  56%|█████▌    | 56/100 [06:02<00:09,  4.44it/s]Running 100 simulations in 100 batches.:  57%|█████▋    | 57/100 [06:02<00:08,  4.79it/s]Running 100 simulations in 100 batches.:  58%|█████▊    | 58/100 [06:02<00:07,  5.42it/s]Running 100 simulations in 100 batches.:  61%|██████    | 61/100 [06:03<00:07,  5.46it/s]Running 100 simulations in 100 batches.:  63%|██████▎   | 63/100 [06:04<00:08,  4.31it/s]Running 100 simulations in 100 batches.:  64%|██████▍   | 64/100 [06:05<00:17,  2.09it/s]Running 100 simulations in 100 batches.:  65%|██████▌   | 65/100 [08:07<15:31, 26.61s/it]Running 100 simulations in 100 batches.:  66%|██████▌   | 66/100 [08:18<13:04, 23.07s/it]Running 100 simulations in 100 batches.:  67%|██████▋   | 67/100 [08:27<10:39, 19.39s/it]Running 100 simulations in 100 batches.:  69%|██████▉   | 69/100 [08:28<05:56, 11.49s/it]Running 100 simulations in 100 batches.:  71%|███████   | 71/100 [08:28<03:31,  7.28s/it]Running 100 simulations in 100 batches.:  72%|███████▏  | 72/100 [08:28<02:42,  5.80s/it]Running 100 simulations in 100 batches.:  73%|███████▎  | 73/100 [08:29<02:02,  4.52s/it]Running 100 simulations in 100 batches.:  74%|███████▍  | 74/100 [08:30<01:37,  3.77s/it]Running 100 simulations in 100 batches.:  75%|███████▌  | 75/100 [08:33<01:26,  3.45s/it]Running 100 simulations in 100 batches.:  76%|███████▌  | 76/100 [08:41<01:51,  4.63s/it]Running 100 simulations in 100 batches.:  77%|███████▋  | 77/100 [08:44<01:35,  4.17s/it]Running 100 simulations in 100 batches.:  78%|███████▊  | 78/100 [08:46<01:24,  3.83s/it]Running 100 simulations in 100 batches.:  80%|████████  | 80/100 [08:47<00:43,  2.17s/it]Running 100 simulations in 100 batches.:  81%|████████  | 81/100 [08:47<00:33,  1.79s/it]Running 100 simulations in 100 batches.:  82%|████████▏ | 82/100 [08:48<00:25,  1.43s/it]Running 100 simulations in 100 batches.:  83%|████████▎ | 83/100 [08:48<00:18,  1.09s/it]Running 100 simulations in 100 batches.:  84%|████████▍ | 84/100 [08:48<00:14,  1.12it/s]Running 100 simulations in 100 batches.:  85%|████████▌ | 85/100 [08:50<00:16,  1.11s/it]Running 100 simulations in 100 batches.:  86%|████████▌ | 86/100 [08:51<00:13,  1.01it/s]Running 100 simulations in 100 batches.:  87%|████████▋ | 87/100 [08:51<00:10,  1.23it/s]Running 100 simulations in 100 batches.:  88%|████████▊ | 88/100 [08:53<00:13,  1.10s/it]Running 100 simulations in 100 batches.:  89%|████████▉ | 89/100 [08:54<00:11,  1.02s/it]Running 100 simulations in 100 batches.:  90%|█████████ | 90/100 [08:54<00:09,  1.09it/s]Running 100 simulations in 100 batches.:  91%|█████████ | 91/100 [08:55<00:08,  1.06it/s]Running 100 simulations in 100 batches.:  92%|█████████▏| 92/100 [08:58<00:12,  1.54s/it]Running 100 simulations in 100 batches.:  94%|█████████▍| 94/100 [08:59<00:05,  1.08it/s]Running 100 simulations in 100 batches.:  96%|█████████▌| 96/100 [08:59<00:02,  1.69it/s]Running 100 simulations in 100 batches.:  97%|█████████▋| 97/100 [08:59<00:01,  1.72it/s]Running 100 simulations in 100 batches.:  98%|█████████▊| 98/100 [09:03<00:02,  1.42s/it]Running 100 simulations in 100 batches.:  99%|█████████▉| 99/100 [09:04<00:01,  1.19s/it]Running 100 simulations in 100 batches.: 100%|██████████| 100/100 [09:07<00:00,  1.56s/it]Running 100 simulations in 100 batches.: 100%|██████████| 100/100 [09:07<00:00,  5.47s/it]
Traceback (most recent call last):
  File "sequential_inference_17params.py", line 171, in main
    theta = torch.load('step1/thetas.pt')
  File "/home/macke/kanderer29/.conda/envs/sbi/lib/python3.7/site-packages/torch/serialization.py", line 594, in load
    with _open_file_like(f, 'rb') as opened_file:
  File "/home/macke/kanderer29/.conda/envs/sbi/lib/python3.7/site-packages/torch/serialization.py", line 230, in _open_file_like
    return _open_file(name_or_buffer, mode)
  File "/home/macke/kanderer29/.conda/envs/sbi/lib/python3.7/site-packages/torch/serialization.py", line 211, in __init__
    super(_open_file, self).__init__(open(name, mode))
FileNotFoundError: [Errno 2] No such file or directory: 'step1/thetas.pt'

During handling of the above exception, another exception occurred:

Traceback (most recent call last):
  File "sequential_inference_17params.py", line 379, in <module>
    main(sys.argv[1:])
  File "sequential_inference_17params.py", line 195, in main
    json.dump(json_dict, f)
  File "/home/macke/kanderer29/.conda/envs/sbi/lib/python3.7/json/__init__.py", line 179, in dump
    for chunk in iterable:
  File "/home/macke/kanderer29/.conda/envs/sbi/lib/python3.7/json/encoder.py", line 431, in _iterencode
    yield from _iterencode_dict(o, _current_indent_level)
  File "/home/macke/kanderer29/.conda/envs/sbi/lib/python3.7/json/encoder.py", line 405, in _iterencode_dict
    yield from chunks
  File "/home/macke/kanderer29/.conda/envs/sbi/lib/python3.7/json/encoder.py", line 438, in _iterencode
    o = _default(o)
  File "/home/macke/kanderer29/.conda/envs/sbi/lib/python3.7/json/encoder.py", line 179, in default
    raise TypeError(f'Object of type {o.__class__.__name__} '
TypeError: Object of type timedelta is not JSON serializable
